Determining if the pthread_create exist failed with the following output:
Change Dir: /home/dinesdkumar/catkin_ws/build/CMakeFiles/CMakeTmp

Run Build Command:"/usr/bin/make" "cmTC_39c42/fast"
/usr/bin/make -f CMakeFiles/cmTC_39c42.dir/build.make CMakeFiles/cmTC_39c42.dir/build
make[1]: Entering directory '/home/dinesdkumar/catkin_ws/build/CMakeFiles/CMakeTmp'
Building C object CMakeFiles/cmTC_39c42.dir/CheckSymbolExists.c.o
/usr/bin/cc    -o CMakeFiles/cmTC_39c42.dir/CheckSymbolExists.c.o   -c /home/dinesdkumar/catkin_ws/build/CMakeFiles/CMakeTmp/CheckSymbolExists.c
Linking C executable cmTC_39c42
/usr/bin/cmake -E cmake_link_script CMakeFiles/cmTC_39c42.dir/link.txt --verbose=1
/usr/bin/cc      -rdynamic CMakeFiles/cmTC_39c42.dir/CheckSymbolExists.c.o  -o cmTC_39c42 
CMakeFiles/cmTC_39c42.dir/CheckSymbolExists.c.o: In function `main':
CheckSymbolExists.c:(.text+0x1b): undefined reference to `pthread_create'
collect2: error: ld returned 1 exit status
CMakeFiles/cmTC_39c42.dir/build.make:97: recipe for target 'cmTC_39c42' failed
make[1]: *** [cmTC_39c42] Error 1
make[1]: Leaving directory '/home/dinesdkumar/catkin_ws/build/CMakeFiles/CMakeTmp'
Makefile:126: recipe for target 'cmTC_39c42/fast' failed
make: *** [cmTC_39c42/fast] Error 2

File /home/dinesdkumar/catkin_ws/build/CMakeFiles/CMakeTmp/CheckSymbolExists.c:
/* */
#include <pthread.h>

int main(int argc, char** argv)
{
  (void)argv;
#ifndef pthread_create
  return ((int*)(&pthread_create))[argc];
#else
  (void)argc;
  return 0;
#endif
}

Determining if the function pthread_create exists in the pthreads failed with the following output:
Change Dir: /home/dinesdkumar/catkin_ws/build/CMakeFiles/CMakeTmp

Run Build Command:"/usr/bin/make" "cmTC_f6e25/fast"
/usr/bin/make -f CMakeFiles/cmTC_f6e25.dir/build.make CMakeFiles/cmTC_f6e25.dir/build
make[1]: Entering directory '/home/dinesdkumar/catkin_ws/build/CMakeFiles/CMakeTmp'
Building C object CMakeFiles/cmTC_f6e25.dir/CheckFunctionExists.c.o
/usr/bin/cc   -DCHECK_FUNCTION_EXISTS=pthread_create   -o CMakeFiles/cmTC_f6e25.dir/CheckFunctionExists.c.o   -c /usr/share/cmake-3.10/Modules/CheckFunctionExists.c
Linking C executable cmTC_f6e25
/usr/bin/cmake -E cmake_link_script CMakeFiles/cmTC_f6e25.dir/link.txt --verbose=1
/usr/bin/cc  -DCHECK_FUNCTION_EXISTS=pthread_create    -rdynamic CMakeFiles/cmTC_f6e25.dir/CheckFunctionExists.c.o  -o cmTC_f6e25 -lpthreads 
/usr/bin/ld: cannot find -lpthreads
collect2: error: ld returned 1 exit status
CMakeFiles/cmTC_f6e25.dir/build.make:97: recipe for target 'cmTC_f6e25' failed
make[1]: *** [cmTC_f6e25] Error 1
make[1]: Leaving directory '/home/dinesdkumar/catkin_ws/build/CMakeFiles/CMakeTmp'
Makefile:126: recipe for target 'cmTC_f6e25/fast' failed
make: *** [cmTC_f6e25/fast] Error 2


Determining if the include file pgm.h exists failed with the following output:
Change Dir: /home/dinesdkumar/catkin_ws/build/CMakeFiles/CMakeTmp

Run Build Command:"/usr/bin/make" "cmTC_d9d8e/fast"
/usr/bin/make -f CMakeFiles/cmTC_d9d8e.dir/build.make CMakeFiles/cmTC_d9d8e.dir/build
make[1]: Entering directory '/home/dinesdkumar/catkin_ws/build/CMakeFiles/CMakeTmp'
Building CXX object CMakeFiles/cmTC_d9d8e.dir/CheckIncludeFile.cxx.o
/usr/bin/c++     -o CMakeFiles/cmTC_d9d8e.dir/CheckIncludeFile.cxx.o -c /home/dinesdkumar/catkin_ws/build/CMakeFiles/CMakeTmp/CheckIncludeFile.cxx
/home/dinesdkumar/catkin_ws/build/CMakeFiles/CMakeTmp/CheckIncludeFile.cxx:1:10: fatal error: pgm.h: No such file or directory
 #include <pgm.h>
          ^~~~~~~
compilation terminated.
CMakeFiles/cmTC_d9d8e.dir/build.make:65: recipe for target 'CMakeFiles/cmTC_d9d8e.dir/CheckIncludeFile.cxx.o' failed
make[1]: *** [CMakeFiles/cmTC_d9d8e.dir/CheckIncludeFile.cxx.o] Error 1
make[1]: Leaving directory '/home/dinesdkumar/catkin_ws/build/CMakeFiles/CMakeTmp'
Makefile:126: recipe for target 'cmTC_d9d8e/fast' failed
make: *** [cmTC_d9d8e/fast] Error 2


